# JRE version: OpenJDK Runtime Environment (17.0.10) (build 17.0.10+0--11609105)
# Java VM: OpenJDK 64-Bit Server VM (17.0.10+0--11609105, mixed mode, tiered, compressed oops, compressed class ptrs, g1 gc, windows-amd64)
GC Precious Log:
 CPUs: 8 total, 8 available
 Memory: 6089M
 Large Page Support: Disabled
 NUMA Support: Disabled
 Compressed Oops: Enabled (32-bit)
 Heap Region Size: 1M
 Heap Min Capacity: 8M
 Heap Initial Capacity: 96M
 Heap Max Capacity: 2G
 Pre-touch: Disabled
 Parallel Workers: 8
 Concurrent Workers: 2
 Concurrent Refinement Workers: 8
 Periodic GC: Disabled
Heap:
 garbage-first heap   total 167936K, used 93570K [0x0000000080000000, 0x0000000100000000)
  region size 1024K, 2 young (2048K), 2 survivors (2048K)
 Metaspace       used 75558K, committed 76160K, reserved 1179648K
  class space    used 10008K, committed 10304K, reserved 1048576K
GC Heap History (20 events):
Event: 17.465 GC heap after
{Heap after GC invocations=35 (full 0):
 garbage-first heap   total 133120K, used 78895K [0x0000000080000000, 0x0000000100000000)
  region size 1024K, 4 young (4096K), 4 survivors (4096K)
 Metaspace       used 70726K, committed 71360K, reserved 1114112K
  class space    used 9640K, committed 9920K, reserved 1048576K
}
Event: 21.449 GC heap before
{Heap before GC invocations=35 (full 0):
 garbage-first heap   total 133120K, used 106543K [0x0000000080000000, 0x0000000100000000)
  region size 1024K, 32 young (32768K), 4 survivors (4096K)
 Metaspace       used 74117K, committed 74688K, reserved 1114112K
  class space    used 9929K, committed 10176K, reserved 1048576K
}
Event: 21.457 GC heap after
{Heap after GC invocations=36 (full 0):
 garbage-first heap   total 133120K, used 82015K [0x0000000080000000, 0x0000000100000000)
  region size 1024K, 4 young (4096K), 4 survivors (4096K)
 Metaspace       used 74117K, committed 74688K, reserved 1114112K
  class space    used 9929K, committed 10176K, reserved 1048576K
}
Event: 26.318 GC heap before
{Heap before GC invocations=37 (full 0):
 garbage-first heap   total 142336K, used 107615K [0x0000000080000000, 0x0000000100000000)
  region size 1024K, 29 young (29696K), 4 survivors (4096K)
 Metaspace       used 74801K, committed 75456K, reserved 1114112K
  class space    used 9958K, committed 10240K, reserved 1048576K
}
Event: 26.323 GC heap after
{Heap after GC invocations=38 (full 0):
 garbage-first heap   total 142336K, used 83335K [0x0000000080000000, 0x0000000100000000)
  region size 1024K, 2 young (2048K), 2 survivors (2048K)
 Metaspace       used 74801K, committed 75456K, reserved 1114112K
  class space    used 9958K, committed 10240K, reserved 1048576K
}
Event: 27.181 GC heap before
{Heap before GC invocations=38 (full 0):
 garbage-first heap   total 142336K, used 85383K [0x0000000080000000, 0x0000000100000000)
  region size 1024K, 6 young (6144K), 2 survivors (2048K)
 Metaspace       used 74927K, committed 75520K, reserved 1114112K
  class space    used 9978K, committed 10240K, reserved 1048576K
}
Event: 27.185 GC heap after
{Heap after GC invocations=39 (full 0):
 garbage-first heap   total 142336K, used 83564K [0x0000000080000000, 0x0000000100000000)
  region size 1024K, 2 young (2048K), 2 survivors (2048K)
 Metaspace       used 74927K, committed 75520K, reserved 1114112K
  class space    used 9978K, committed 10240K, reserved 1048576K
}
Event: 28.361 GC heap before
{Heap before GC invocations=40 (full 0):
 garbage-first heap   total 148480K, used 118380K [0x0000000080000000, 0x0000000100000000)
  region size 1024K, 35 young (35840K), 2 survivors (2048K)
 Metaspace       used 75392K, committed 75904K, reserved 1179648K
  class space    used 9999K, committed 10240K, reserved 1048576K
}
Event: 28.366 GC heap after
{Heap after GC invocations=41 (full 0):
 garbage-first heap   total 148480K, used 86700K [0x0000000080000000, 0x0000000100000000)
  region size 1024K, 3 young (3072K), 3 survivors (3072K)
 Metaspace       used 75392K, committed 75904K, reserved 1179648K
  class space    used 9999K, committed 10240K, reserved 1048576K
}
Event: 28.748 GC heap before
{Heap before GC invocations=41 (full 0):
 garbage-first heap   total 148480K, used 121516K [0x0000000080000000, 0x0000000100000000)
  region size 1024K, 38 young (38912K), 3 survivors (3072K)
 Metaspace       used 75507K, committed 76096K, reserved 1179648K
  class space    used 10003K, committed 10240K, reserved 1048576K
}
Event: 28.753 GC heap after
{Heap after GC invocations=42 (full 0):
 garbage-first heap   total 148480K, used 87810K [0x0000000080000000, 0x0000000100000000)
  region size 1024K, 3 young (3072K), 3 survivors (3072K)
 Metaspace       used 75507K, committed 76096K, reserved 1179648K
  class space    used 10003K, committed 10240K, reserved 1048576K
}
Event: 28.982 GC heap before
{Heap before GC invocations=43 (full 0):
 garbage-first heap   total 162816K, used 122626K [0x0000000080000000, 0x0000000100000000)
  region size 1024K, 37 young (37888K), 3 survivors (3072K)
 Metaspace       used 75520K, committed 76096K, reserved 1179648K
  class space    used 10003K, committed 10240K, reserved 1048576K
}
Event: 28.985 GC heap after
{Heap after GC invocations=44 (full 0):
 garbage-first heap   total 162816K, used 90038K [0x0000000080000000, 0x0000000100000000)
  region size 1024K, 4 young (4096K), 4 survivors (4096K)
 Metaspace       used 75520K, committed 76096K, reserved 1179648K
  class space    used 10003K, committed 10240K, reserved 1048576K
}
Event: 28.999 GC heap before
{Heap before GC invocations=44 (full 0):
 garbage-first heap   total 162816K, used 93110K [0x0000000080000000, 0x0000000100000000)
  region size 1024K, 7 young (7168K), 4 survivors (4096K)
 Metaspace       used 75520K, committed 76096K, reserved 1179648K
  class space    used 10003K, committed 10240K, reserved 1048576K
}
Event: 29.002 GC heap after
{Heap after GC invocations=45 (full 0):
 garbage-first heap   total 162816K, used 90231K [0x0000000080000000, 0x0000000100000000)
  region size 1024K, 1 young (1024K), 1 survivors (1024K)
 Metaspace       used 75520K, committed 76096K, reserved 1179648K
  class space    used 10003K, committed 10240K, reserved 1048576K
}
Event: 29.127 GC heap before
{Heap before GC invocations=45 (full 0):
 garbage-first heap   total 162816K, used 115831K [0x0000000080000000, 0x0000000100000000)
  region size 1024K, 27 young (27648K), 1 survivors (1024K)
 Metaspace       used 75524K, committed 76096K, reserved 1179648K
  class space    used 10003K, committed 10240K, reserved 1048576K
}
Event: 29.130 GC heap after
{Heap after GC invocations=46 (full 0):
 garbage-first heap   total 162816K, used 92369K [0x0000000080000000, 0x0000000100000000)
  region size 1024K, 3 young (3072K), 3 survivors (3072K)
 Metaspace       used 75524K, committed 76096K, reserved 1179648K
  class space    used 10003K, committed 10240K, reserved 1048576K
}
Event: 29.378 GC heap before
{Heap before GC invocations=47 (full 0):
 garbage-first heap   total 167936K, used 135377K [0x0000000080000000, 0x0000000100000000)
  region size 1024K, 45 young (46080K), 3 survivors (3072K)
 Metaspace       used 75529K, committed 76096K, reserved 1179648K
  class space    used 10003K, committed 10240K, reserved 1048576K
}
Event: 29.382 GC heap after
{Heap after GC invocations=48 (full 0):
 garbage-first heap   total 167936K, used 94262K [0x0000000080000000, 0x0000000100000000)
  region size 1024K, 5 young (5120K), 5 survivors (5120K)
 Metaspace       used 75529K, committed 76096K, reserved 1179648K
  class space    used 10003K, committed 10240K, reserved 1048576K
}
Event: 29.617 GC heap before
{Heap before GC invocations=48 (full 0):
 garbage-first heap   total 167936K, used 139318K [0x0000000080000000, 0x0000000100000000)
  region size 1024K, 50 young (51200K), 5 survivors (5120K)
 Metaspace       used 75558K, committed 76160K, reserved 1179648K
  class space    used 10008K, committed 10304K, reserved 1048576K
}

